<?xml version="1.0" encoding="UTF-8"?>
<!-- Generated by org.testng.reporters.JUnitXMLReporter -->
<testsuite hostname="KATAKURI.local" ignored="14" name="Default test" tests="1" failures="0" timestamp="12 Jul 2019 07:48:22 GMT" time="51.384" errors="0">
  <testcase name="clickon1subcategory1111" time="1.336" classname="tests.CategoryTests"/>
  <testcase name="getWeddingSubcategories" time="0.0" classname="tests.CategoryTests">
    <ignored/>
  </testcase> <!-- getWeddingSubcategories -->
  <testcase name="getEntertainmentSubcategories" time="0.0" classname="tests.CategoryTests">
    <ignored/>
  </testcase> <!-- getEntertainmentSubcategories -->
  <testcase name="openNewTab" time="0.0" classname="tests.CategoryTests">
    <ignored/>
  </testcase> <!-- openNewTab -->
  <testcase name="getLifestyleSubcategories" time="0.0" classname="tests.CategoryTests">
    <ignored/>
  </testcase> <!-- getLifestyleSubcategories -->
  <testcase name="getBeautySubcategories" time="0.0" classname="tests.CategoryTests">
    <ignored/>
  </testcase> <!-- getBeautySubcategories -->
  <testcase name="clickonEntertainmenttest" time="0.0" classname="tests.CategoryTests">
    <ignored/>
  </testcase> <!-- clickonEntertainmenttest -->
  <testcase name="clickonWeddingtest" time="0.0" classname="tests.CategoryTests">
    <ignored/>
  </testcase> <!-- clickonWeddingtest -->
  <testcase name="getFashionSubcategories" time="0.0" classname="tests.CategoryTests">
    <ignored/>
  </testcase> <!-- getFashionSubcategories -->
  <testcase name="clickonWellnesstest" time="0.0" classname="tests.CategoryTests">
    <ignored/>
  </testcase> <!-- clickonWellnesstest -->
  <testcase name="languagedropdown" time="0.0" classname="tests.CategoryTests">
    <ignored/>
  </testcase> <!-- languagedropdown -->
  <testcase name="clickonBeautytest" time="0.0" classname="tests.CategoryTests">
    <ignored/>
  </testcase> <!-- clickonBeautytest -->
  <testcase name="clickonFashiontest" time="0.0" classname="tests.CategoryTests">
    <ignored/>
  </testcase> <!-- clickonFashiontest -->
  <testcase name="clickonLifestyletest" time="0.0" classname="tests.CategoryTests">
    <ignored/>
  </testcase> <!-- clickonLifestyletest -->
  <testcase name="getWellnessSubcategories" time="0.0" classname="tests.CategoryTests">
    <ignored/>
  </testcase> <!-- getWellnessSubcategories -->
</testsuite> <!-- Default test -->
