<?xml version="1.0" encoding="UTF-8"?>
<testng-results skipped="0" failed="0" total="1" passed="1">
  <reporter-output>
  </reporter-output>
  <suite name="Default suite" duration-ms="35190" started-at="2019-08-16T13:32:58Z" finished-at="2019-08-16T13:33:33Z">
    <groups>
    </groups>
    <test name="Default test" duration-ms="35190" started-at="2019-08-16T13:32:58Z" finished-at="2019-08-16T13:33:33Z">
      <class name="tests.ShopTests">
        <test-method status="PASS" signature="chk()[pri:0, instance:tests.ShopTests@511baa65]" name="chk" duration-ms="35168" started-at="2019-08-16T19:02:58Z" finished-at="2019-08-16T19:03:33Z">
          <reporter-output>
          </reporter-output>
        </test-method> <!-- chk -->
        <test-method status="PASS" signature="aftermethod()[pri:0, instance:tests.ShopTests@511baa65]" name="aftermethod" is-config="true" duration-ms="1" started-at="2019-08-16T19:03:33Z" finished-at="2019-08-16T19:03:33Z">
          <reporter-output>
          </reporter-output>
        </test-method> <!-- aftermethod -->
      </class> <!-- tests.ShopTests -->
    </test> <!-- Default test -->
  </suite> <!-- Default suite -->
</testng-results>
